<?xml version="1.0" encoding="UTF-8"?>
<!-- Generated by org.testng.reporters.JUnitXMLReporter -->
<testsuite ignored="0" hostname="AnilKumar" failures="0" tests="4" name="HomePage" time="14.395" errors="0" timestamp="2024-07-03T21:07:17 IST">
  <testcase classname="HomePageTest" name="testingHomePage" time="0.333"/>
  <testcase classname="MovieDetailsPageTest" name="testingMovieDetailsPage" time="0.095"/>
  <testcase classname="HeaderSectionTest" name="headerSectionUI" time="0.102"/>
  <testcase classname="HeaderSectionTest" name="headerSectionFunctionalities" time="0.166"/>
</testsuite> <!-- HomePage -->
