<?xml version="1.0" encoding="UTF-8"?>
<!-- Generated by org.testng.reporters.JUnitXMLReporter -->
<testsuite ignored="0" hostname="AnilKumar" failures="0" tests="6" name="LoginPage" time="19.52" errors="0" timestamp="2024-07-03T21:07:22 IST">
  <testcase classname="LoginPageTest" name="testingMainPageUI" time="0.132"/>
  <testcase classname="LoginPageTest" name="testingEmtyInputs" time="0.677"/>
  <testcase classname="LoginPageTest" name="testingWithEmptyUserName" time="0.702"/>
  <testcase classname="LoginPageTest" name="testingWithEmptyPassword" time="0.83"/>
  <testcase classname="LoginPageTest" name="testingWithInvalidCred" time="0.797"/>
  <testcase classname="LoginPageTest" name="testingWithValidCred" time="0.224"/>
</testsuite> <!-- LoginPage -->
